<?xml version="1.0" encoding="UTF-8"?>
<testsuite xmlns:xsi="http://www.w3.org/2001/XMLSchema-instance" xsi:noNamespaceSchemaLocation="https://maven.apache.org/surefire/maven-surefire-plugin/xsd/surefire-test-report-3.0.xsd" version="3.0" name="com.fiap.myassist.MyassistApplicationTests" time="7.116" tests="1" errors="0" skipped="0" failures="0">
  <properties>
[...]
</properties>
  <testcase name="contextLoads" classname="com.fiap.myassist.MyassistApplicationTests" time="0.593">
    <system-out><![CDATA[17:56:56.723 [main] INFO org.springframework.test.context.support.AnnotationConfigContextLoaderUtils -- Could not detect default configuration classes for test class [com.fiap.myassist.MyassistApplicationTests]: MyassistApplicationTests does not declare any static, non-private, non-final, nested classes annotated with @Configuration.
17:56:56.925 [main] INFO org.springframework.boot.test.context.SpringBootTestContextBootstrapper -- Found @SpringBootConfiguration com.fiap.myassist.MyassistApplication for test class com.fiap.myassist.MyassistApplicationTests
  .   ____          _            __ _ _
 /\\ / ___'_ __ _ _(_)_ __  __ _ \ \ \ \
( ( )\___ | '_ | '_| | '_ \/ _` | \ \ \ \
 \\/  ___)| |_)| | | | | || (_| |  ) ) ) )
  '  |____| .__|_| |_|_| |_\__, | / / / /
 =========|_|==============|___/=/_/_/_/

 :: Spring Boot ::                (v3.3.0)

2025-06-22T17:56:57.502-03:00  INFO 16960 --- [myassist] [           main] c.f.myassist.MyassistApplicationTests    : Starting MyassistApplicationTests using Java 21.0.3 with PID 16960 (started by Nathalia Terribile in C:\Users\Nathalia Terribile\Desktop\Documentos\AssistenciaTecnica-Backend)
2025-06-22T17:56:57.504-03:00  INFO 16960 --- [myassist] [           main] c.f.myassist.MyassistApplicationTests    : No active profile set, falling back to 1 default profile: "default"
2025-06-22T17:56:58.235-03:00  INFO 16960 --- [myassist] [           main] .s.d.r.c.RepositoryConfigurationDelegate : Bootstrapping Spring Data JPA repositories in DEFAULT mode.
2025-06-22T17:56:58.294-03:00  INFO 16960 --- [myassist] [           main] .s.d.r.c.RepositoryConfigurationDelegate : Finished Spring Data repository scanning in 48 ms. Found 2 JPA repository interfaces.
2025-06-22T17:56:59.274-03:00  INFO 16960 --- [myassist] [           main] com.zaxxer.hikari.HikariDataSource       : HikariPool-1 - Starting...
2025-06-22T17:56:59.546-03:00  INFO 16960 --- [myassist] [           main] com.zaxxer.hikari.pool.HikariPool        : HikariPool-1 - Added connection conn0: url=jdbc:h2:mem:testdb user=SA
2025-06-22T17:56:59.548-03:00  INFO 16960 --- [myassist] [           main] com.zaxxer.hikari.HikariDataSource       : HikariPool-1 - Start completed.
2025-06-22T17:56:59.610-03:00  INFO 16960 --- [myassist] [           main] o.hibernate.jpa.internal.util.LogHelper  : HHH000204: Processing PersistenceUnitInfo [name: default]
2025-06-22T17:56:59.699-03:00  INFO 16960 --- [myassist] [           main] org.hibernate.Version                    : HHH000412: Hibernate ORM core version 6.5.2.Final
2025-06-22T17:56:59.753-03:00  INFO 16960 --- [myassist] [           main] o.h.c.internal.RegionFactoryInitiator    : HHH000026: Second-level cache disabled
2025-06-22T17:57:00.288-03:00  INFO 16960 --- [myassist] [           main] o.s.o.j.p.SpringPersistenceUnitInfo      : No LoadTimeWeaver setup: ignoring JPA class transformer
2025-06-22T17:57:00.360-03:00  WARN 16960 --- [myassist] [           main] org.hibernate.orm.deprecation            : HHH90000025: H2Dialect does not need to be specified explicitly using 'hibernate.dialect' (remove the property setting and it will be selected by default)
2025-06-22T17:57:01.411-03:00  INFO 16960 --- [myassist] [           main] o.h.e.t.j.p.i.JtaPlatformInitiator       : HHH000489: No JTA platform available (set 'hibernate.transaction.jta.platform' to enable JTA platform integration)
2025-06-22T17:57:01.454-03:00  INFO 16960 --- [myassist] [           main] j.LocalContainerEntityManagerFactoryBean : Initialized JPA EntityManagerFactory for persistence unit 'default'
2025-06-22T17:57:02.176-03:00  WARN 16960 --- [myassist] [           main] JpaBaseConfiguration$JpaWebConfiguration : spring.jpa.open-in-view is enabled by default. Therefore, database queries may be performed during view rendering. Explicitly configure spring.jpa.open-in-view to disable this warning
2025-06-22T17:57:02.726-03:00  INFO 16960 --- [myassist] [           main] o.s.b.a.h2.H2ConsoleAutoConfiguration    : H2 console available at '/h2-console'. Database available at 'jdbc:h2:mem:testdb'
2025-06-22T17:57:02.986-03:00  INFO 16960 --- [myassist] [           main] c.f.myassist.MyassistApplicationTests    : Started MyassistApplicationTests in 5.834 seconds (process running for 7.135)
]]></system-out>
    <system-err><![CDATA[WARNING: A Java agent has been loaded dynamically (C:\Users\Nathalia Terribile\.m2\repository\net\bytebuddy\byte-buddy-agent\1.14.16\byte-buddy-agent-1.14.16.jar)
WARNING: If a serviceability tool is in use, please run with -XX:+EnableDynamicAgentLoading to hide this warning
WARNING: If a serviceability tool is not in use, please run with -Djdk.instrument.traceUsage for more information
WARNING: Dynamic loading of agents will be disallowed by default in a future release
]]></system-err>
  </testcase>
</testsuite>